<?xml version="1.0" encoding="UTF-8"?>
<!-- Generated by org.testng.reporters.JUnitXMLReporter -->
<testsuite ignored="2" hostname="hp" failures="2" tests="8" name="Test" time="0.075" errors="0" timestamp="06 Jun 2020 20:59:17 GMT">
  <testcase classname="listeners.TestNGListenerDemo" name="test2" time="0.017">
    <skipped/>
  </testcase> <!-- test2 -->
  <testcase classname="listeners.TestNGListenerDemo" name="test2" time="0.002">
    <skipped/>
  </testcase> <!-- test2 -->
  <testcase classname="listeners.TestNGListenerDemo" name="test2" time="0.002">
    <skipped/>
  </testcase> <!-- test2 -->
  <testcase classname="listeners.TestNGListenerDemo" name="test2" time="0.001">
    <failure type="java.lang.AssertionError" message="expected [true] but found [false]">
      <![CDATA[java.lang.AssertionError: expected [true] but found [false]
at listeners.TestNGListenerDemo.test2(TestNGListenerDemo.java:36)
... Removed 29 stack frames]]>
    </failure>
  </testcase> <!-- test2 -->
  <testcase classname="listeners.TestNGListenerDemo" name="test4" time="0.004">
    <skipped/>
  </testcase> <!-- test4 -->
  <testcase classname="listeners.TestNGListenerDemo" name="test4" time="0.002">
    <skipped/>
  </testcase> <!-- test4 -->
  <testcase classname="listeners.TestNGListenerDemo" name="test4" time="0.002">
    <skipped/>
  </testcase> <!-- test4 -->
  <testcase classname="listeners.TestNGListenerDemo" name="test4" time="0.001">
    <failure type="java.lang.AssertionError" message="expected [true] but found [false]">
      <![CDATA[java.lang.AssertionError: expected [true] but found [false]
at listeners.TestNGListenerDemo.test4(TestNGListenerDemo.java:58)
... Removed 29 stack frames]]>
    </failure>
  </testcase> <!-- test4 -->
  <testcase classname="listeners.TestNGListenerDemo" name="test1" time="0.0">
    <ignored/>
  </testcase> <!-- test1 -->
  <testcase classname="listeners.TestNGListenerDemo" name="test3" time="0.0">
    <ignored/>
  </testcase> <!-- test3 -->
</testsuite> <!-- Test -->
